============================================================
Refined sweep: tempering near γ=0.45
============================================================
Skipping bayesian-role-specialization-2026-01-25-16-53-58 (v1 format, not supported)
Skipping bayesian-role-specialization-2026-01-28-10-09-10 (v1.5 format, not supported)
Loaded bayesian-role-specialization-2026-02-13-10-37-44: 120 player-rounds
Loaded bayesian-role-specialization-2026-03-06-09-54-19: 96 player-rounds
Loaded bayesian-role-specialization-2026-03-18-15-47-09: 240 player-rounds
Total: 456 player-rounds from 5 exports
Loaded 96 human teams, 104 bot records
Grid: 16 γ x 10 τ x 10 ε = 1600 points
  [1/16] γ=0.300  LL=-1.00441  acc=0.914  tp=1.50  eps=0.30
  [2/16] γ=0.320  LL=-1.00410  acc=0.910  tp=1.50  eps=0.35
  [3/16] γ=0.340  LL=-1.00377  acc=0.910  tp=1.50  eps=0.35
  [4/16] γ=0.360  LL=-1.00399  acc=0.907  tp=1.50  eps=0.40
  [5/16] γ=0.380  LL=-1.00368  acc=0.907  tp=1.50  eps=0.40
  [6/16] γ=0.400  LL=-1.00359  acc=0.909  tp=2.00  eps=0.40
  [7/16] γ=0.420  LL=-1.00412  acc=0.905  tp=2.00  eps=0.45
  [8/16] γ=0.440  LL=-1.00359  acc=0.900  tp=2.00  eps=0.45
  [9/16] γ=0.460  LL=-1.00365  acc=0.896  tp=2.00  eps=0.45
  [10/16] γ=0.480  LL=-1.00418  acc=0.896  tp=2.50  eps=0.45
  [11/16] γ=0.500  LL=-1.00501  acc=0.830  tp=2.00  eps=0.50
  [12/16] γ=0.520  LL=-1.00468  acc=0.885  tp=2.50  eps=0.50
  [13/16] γ=0.540  LL=-1.00469  acc=0.879  tp=2.50  eps=0.50
  [14/16] γ=0.560  LL=-1.00519  acc=0.878  tp=2.50  eps=0.50
  [15/16] γ=0.580  LL=-1.00593  acc=0.878  tp=3.00  eps=0.50
  [16/16] γ=0.600  LL=-1.00713  acc=0.876  tp=3.00  eps=0.50

Grid best: γ=0.4000  τ=2.0000  ε=0.4000  LL=-1.00359

L-BFGS-B polishing...
Polished: γ=0.40674  τ=1.83703  ε=0.41636  LL=-1.00340  acc=0.906

============================================================
Top 10 refined grid points:
       γ   τ_prior       ε         LL     acc
   0.400     2.000   0.400   -1.00359   0.909
   0.440     2.000   0.450   -1.00359   0.900
   0.460     2.000   0.450   -1.00365   0.896
   0.380     1.500   0.400   -1.00368   0.907
   0.380     2.000   0.400   -1.00376   0.910
   0.340     1.500   0.350   -1.00377   0.910
   0.460     2.500   0.450   -1.00391   0.905
   0.360     1.500   0.400   -1.00399   0.907
   0.320     1.500   0.350   -1.00410   0.910
   0.420     2.000   0.450   -1.00412   0.905

Final winner: γ=0.4067  τ_prior=1.8370  ε=0.4164
  LL=-1.00340  acc=0.906
  vs stage1 window_1: ΔLL = +0.00619 nats/query
