============================================================
Memory strategy sweep
============================================================
Skipping bayesian-role-specialization-2026-01-25-16-53-58 (v1 format, not supported)
Skipping bayesian-role-specialization-2026-01-28-10-09-10 (v1.5 format, not supported)
Loaded bayesian-role-specialization-2026-02-13-10-37-44: 120 player-rounds
Loaded bayesian-role-specialization-2026-03-06-09-54-19: 96 player-rounds
Loaded bayesian-role-specialization-2026-03-18-15-47-09: 240 player-rounds
Total: 456 player-rounds from 5 exports
Loaded 96 human teams, 104 bot records
Prepared 200 records, 1374 inference queries
54 strategies to evaluate
Grid per strategy: 6 tau_prior x 6 epsilon = 36 points
Total: 1944 (already done: 0)

  [1/54] full                     LL=-1.0369 acc=0.838 tp=9.20 eps=0.58
  [2/54] window_1                 LL=-1.0112 acc=0.850 tp=6.30 eps=0.58
  [3/54] window_2                 LL=-1.0128 acc=0.844 tp=9.20 eps=0.58
  [4/54] window_3                 LL=-1.0267 acc=0.835 tp=9.20 eps=0.58
  [5/54] window_4                 LL=-1.0369 acc=0.829 tp=9.20 eps=0.58
  [6/54] drift_prior_0.050        LL=-1.0287 acc=0.875 tp=9.20 eps=0.58
  [7/54] drift_prior_0.100        LL=-1.0234 acc=0.878 tp=9.20 eps=0.58
  [8/54] drift_prior_0.150        LL=-1.0201 acc=0.847 tp=9.20 eps=0.58
  [9/54] drift_prior_0.200        LL=-1.0179 acc=0.841 tp=6.30 eps=0.58
  [10/54] drift_prior_0.250        LL=-1.0171 acc=0.838 tp=6.30 eps=0.58
  [11/54] drift_prior_0.300        LL=-1.0173 acc=0.836 tp=6.30 eps=0.58
  [12/54] drift_prior_0.350        LL=-1.0184 acc=0.835 tp=6.30 eps=0.58
  [13/54] drift_prior_0.400        LL=-1.0202 acc=0.790 tp=6.30 eps=0.58
  [14/54] drift_prior_0.450        LL=-1.0151 acc=0.912 tp=9.20 eps=0.42
  [15/54] drift_prior_0.500        LL=-1.0119 acc=0.905 tp=6.30 eps=0.42
  [16/54] drift_prior_0.550        LL=-1.0108 acc=0.907 tp=6.30 eps=0.42
  [17/54] drift_prior_0.600        LL=-1.0114 acc=0.878 tp=6.30 eps=0.42
  [18/54] drift_prior_0.650        LL=-1.0107 acc=0.925 tp=6.30 eps=0.26
  [19/54] drift_prior_0.700        LL=-1.0111 acc=0.933 tp=6.30 eps=0.10
  [20/54] drift_prior_0.750        LL=-1.0127 acc=0.932 tp=6.30 eps=0.10
  [21/54] drift_prior_0.800        LL=-1.0176 acc=0.926 tp=6.30 eps=0.10
  [22/54] drift_prior_0.850        LL=-1.0255 acc=0.814 tp=6.30 eps=0.10
  [23/54] drift_prior_0.900        LL=-1.0366 acc=0.742 tp=6.30 eps=0.10
  [24/54] drift_prior_0.950        LL=-1.0511 acc=0.742 tp=6.30 eps=0.10
  [25/54] drift_prior_1.000        LL=-1.0690 acc=0.531 tp=6.30 eps=0.10
  [26/54] drift_uniform_0.100      LL=-1.0221 acc=0.841 tp=6.30 eps=0.58
  [27/54] drift_uniform_0.200      LL=-1.0169 acc=0.790 tp=3.40 eps=0.58
  [28/54] drift_uniform_0.300      LL=-1.0153 acc=0.802 tp=3.40 eps=0.58
  [29/54] drift_uniform_0.400      LL=-1.0178 acc=0.910 tp=3.40 eps=0.42
  [30/54] drift_uniform_0.500      LL=-1.0121 acc=0.921 tp=3.40 eps=0.42
  [31/54] drift_uniform_0.600      LL=-1.0156 acc=0.934 tp=3.40 eps=0.26
  [32/54] drift_uniform_0.700      LL=-1.0200 acc=0.941 tp=3.40 eps=0.10
  [33/54] drift_uniform_0.800      LL=-1.0325 acc=0.941 tp=3.40 eps=0.10
  [34/54] drift_uniform_0.900      LL=-1.0584 acc=0.941 tp=3.40 eps=0.10
  [35/54] drift_uniform_1.000      LL=-1.0986 acc=0.375 tp=0.50 eps=0.10
  [36/54] temper_0.050             LL=-1.0499 acc=0.867 tp=0.50 eps=0.10
  [37/54] temper_0.100             LL=-1.0200 acc=0.867 tp=0.50 eps=0.10
  [38/54] temper_0.150             LL=-1.0098 acc=0.867 tp=0.50 eps=0.10
  [39/54] temper_0.200             LL=-1.0145 acc=0.941 tp=3.40 eps=0.10
  [40/54] temper_0.250             LL=-1.0104 acc=0.941 tp=3.40 eps=0.26
  [41/54] temper_0.300             LL=-1.0093 acc=0.941 tp=3.40 eps=0.26
  [42/54] temper_0.350             LL=-1.0104 acc=0.937 tp=3.40 eps=0.42
  [43/54] temper_0.400             LL=-1.0064 acc=0.937 tp=3.40 eps=0.42
  [44/54] temper_0.450             LL=-1.0058 acc=0.935 tp=3.40 eps=0.42
  [45/54] temper_0.500             LL=-1.0092 acc=0.932 tp=3.40 eps=0.42
  [46/54] temper_0.550             LL=-1.0171 acc=0.912 tp=3.40 eps=0.42
  [47/54] temper_0.600             LL=-1.0164 acc=0.816 tp=3.40 eps=0.58
  [48/54] temper_0.650             LL=-1.0134 acc=0.810 tp=3.40 eps=0.58
  [49/54] temper_0.700             LL=-1.0119 acc=0.808 tp=3.40 eps=0.58
  [50/54] temper_0.750             LL=-1.0123 acc=0.796 tp=3.40 eps=0.58
  [51/54] temper_0.800             LL=-1.0148 acc=0.850 tp=6.30 eps=0.58
  [52/54] temper_0.850             LL=-1.0170 acc=0.847 tp=6.30 eps=0.58
  [53/54] temper_0.900             LL=-1.0215 acc=0.841 tp=6.30 eps=0.58
  [54/54] temper_0.950             LL=-1.0282 acc=0.865 tp=9.20 eps=0.58

============================================================
Top 15 strategies by inference LL:

strategy                          LL     acc      tp     eps
temper_0.450                 -1.0058   0.935    3.40    0.42
temper_0.400                 -1.0064   0.937    3.40    0.42
temper_0.500                 -1.0092   0.932    3.40    0.42
temper_0.300                 -1.0093   0.941    3.40    0.26
temper_0.150                 -1.0098   0.867    0.50    0.10
temper_0.350                 -1.0104   0.937    3.40    0.42
temper_0.250                 -1.0104   0.941    3.40    0.26
drift_prior_0.650            -1.0107   0.925    6.30    0.26
drift_prior_0.550            -1.0108   0.907    6.30    0.42
drift_prior_0.700            -1.0111   0.933    6.30    0.10
window_1                     -1.0112   0.850    6.30    0.58
drift_prior_0.600            -1.0114   0.878    6.30    0.42
temper_0.700                 -1.0119   0.808    3.40    0.58
drift_prior_0.500            -1.0119   0.905    6.30    0.42
drift_uniform_0.500          -1.0121   0.921    3.40    0.42
